**************************************************
**************************************************
**************************************************
**************************************************
**************************************************
**************************************************
**************************************************
**************************************************
**************************************************
**************************************************
**************************************************
**************************************************
**************************************************
**************************************************
**************************************************
**************************************************
**************************************************
**************************************************
**************************************************
**************************************************
**************************************************
**************************************************
**************************************************
**************************************************
**************************************************
**************************************************
**************************************************
**************************************************
**************************************************
**************************************************
**************************************************
**************************************************
**************************************************
**************************************************
**************************************************
**************************************************
**************************************************
**************************************************
**************************************************
**************************************************
**************************************************
**************************************************
g*************************************************
n*************************************************
o*************************************************
h*************************************************
z*************************************************
i*************************************************
y*************************************************
yizhongyizhongyizhongyizhongyizhongyizhongyizhong*

