g:\汇编语言新书实例\c12_窗口应用程序\win32project1\debug\win32project1.pch
g:\汇编语言新书实例\c12_窗口应用程序\win32project1\debug\vc120.pdb
g:\汇编语言新书实例\c12_窗口应用程序\win32project1\debug\vc120.idb
g:\汇编语言新书实例\c12_窗口应用程序\win32project1\debug\stdafx.obj
g:\汇编语言新书实例\c12_窗口应用程序\win32project1\debug\win32project1.obj
g:\汇编语言新书实例\c12_窗口应用程序\debug\win32project1.ilk
g:\汇编语言新书实例\c12_窗口应用程序\debug\win32project1.exe
g:\汇编语言新书实例\c12_窗口应用程序\debug\win32project1.pdb
g:\汇编语言新书实例\c12_窗口应用程序\win32project1\debug\win32project1.res
c:\新书示例\c13_窗口应用程序\win32project1\debug\stdafx.obj
c:\新书示例\c13_窗口应用程序\win32project1\debug\win32project1.obj
c:\新书示例\c13_窗口应用程序\win32project1\debug\win32project1.res
c:\新书示例\c13_窗口应用程序\win32project1\debug\win32project1.pch
c:\新书示例\c13_窗口应用程序\win32project1\debug\vc120.idb
c:\新书示例\c13_窗口应用程序\win32project1\debug\vc120.pdb
c:\新书示例\c13_窗口应用程序\debug\win32project1.pdb
c:\新书示例\c13_窗口应用程序\debug\win32project1.exe
c:\新书示例\c13_窗口应用程序\debug\win32project1.ilk
c:\新书示例\c13_窗口应用程序\win32project1\debug\win32project1.tlog\cl.command.1.tlog
c:\新书示例\c13_窗口应用程序\win32project1\debug\win32project1.tlog\cl.read.1.tlog
c:\新书示例\c13_窗口应用程序\win32project1\debug\win32project1.tlog\cl.write.1.tlog
c:\新书示例\c13_窗口应用程序\win32project1\debug\win32project1.tlog\link.command.1.tlog
c:\新书示例\c13_窗口应用程序\win32project1\debug\win32project1.tlog\link.read.1.tlog
c:\新书示例\c13_窗口应用程序\win32project1\debug\win32project1.tlog\link.write.1.tlog
c:\新书示例\c13_窗口应用程序\win32project1\debug\win32project1.tlog\rc.command.1.tlog
c:\新书示例\c13_窗口应用程序\win32project1\debug\win32project1.tlog\rc.read.1.tlog
c:\新书示例\c13_窗口应用程序\win32project1\debug\win32project1.tlog\rc.write.1.tlog
